#
# There is insufficient memory for the Java Runtime Environment to continue.
# Native memory allocation (malloc) failed to allocate 407136 bytes for Chunk::new
# Possible reasons:
#   The system is out of physical RAM or swap space
#   The process is running with CompressedOops enabled, and the Java Heap may be blocking the growth of the native heap
# Possible solutions:
#   Reduce memory load on the system
#   Increase physical memory or swap space
#   Check if swap backing store is full
#   Decrease Java heap size (-Xmx/-Xms)
#   Decrease number of Java threads
#   Decrease Java thread stack sizes (-Xss)
#   Set larger code cache with -XX:ReservedCodeCacheSize=
#   JVM is running with Unscaled Compressed Oops mode in which the Java heap is
#     placed in the first 4GB address space. The Java Heap base address is the
#     maximum limit for the native heap growth. Please use -XX:HeapBaseMinAddress
#     to set the Java Heap base and to place the Java Heap above 4GB virtual address.
# This output file may be truncated or incomplete.
#
#  Out of Memory Error (arena.cpp:184), pid=38532, tid=444
#
# JRE version: Java(TM) SE Runtime Environment (18.0.1.1+2) (build 18.0.1.1+2-6)
# Java VM: Java HotSpot(TM) 64-Bit Server VM (18.0.1.1+2-6, mixed mode, sharing, tiered, compressed oops, compressed class ptrs, g1 gc, windows-amd64)
# No core dump will be written. Minidumps are not enabled by default on client versions of Windows
#

---------------  S U M M A R Y ------------

Command Line: -Dfile.encoding=windows-1252 -Duser.country=GB -Duser.language=en -Duser.variant --module-path=C:\Users\zhiya\IdeaProjects\GameUI\build\libs\GameUI-1.0-SNAPSHOT.jar;C:\Users\zhiya\IdeaProjects\GameUI\build\classes\java\main;C:\Users\zhiya\.gradle\caches\modules-2\files-2.1\org.openjfx\javafx-fxml\18.0.2\2f34bce57630ad16409de50a784dc995c9d79559\javafx-fxml-18.0.2-win.jar;C:\Users\zhiya\.gradle\caches\modules-2\files-2.1\org.openjfx\javafx-controls\18.0.2\6488465bb835559aff4d9cf40fd60d84bf632e28\javafx-controls-18.0.2-win.jar;C:\Users\zhiya\.gradle\caches\modules-2\files-2.1\org.openjfx\javafx-controls\18.0.2\b01efe968ac13a338a94c1d53a1f3b33fef3fd2c\javafx-controls-18.0.2.jar;C:\Users\zhiya\.gradle\caches\modules-2\files-2.1\org.openjfx\javafx-graphics\18.0.2\6791a5622512adf1bfb1ae3f84198ad32d47b71c\javafx-graphics-18.0.2-win.jar;C:\Users\zhiya\.gradle\caches\modules-2\files-2.1\org.openjfx\javafx-graphics\18.0.2\e062905d92edda0d149ba6aafa5f0a64a65d8aa8\javafx-graphics-18.0.2.jar;C:\Users\zhiya\.gradle\caches\modules-2\files-2.1\org.openjfx\javafx-base\18.0.2\806c22be348d3261e2c8f70df630da0637869678\javafx-base-18.0.2-win.jar;C:\Users\zhiya\.gradle\caches\modules-2\files-2.1\org.openjfx\javafx-base\18.0.2\9b43e69256e047fbd759e7045c1bd4471739a3d9\javafx-base-18.0.2.jar -Djdk.module.main=com.example.gameui com.example.gameui/com.example.gameui.GameUI

Host: Intel(R) Core(TM) i5-10300H CPU @ 2.50GHz, 8 cores, 7G,  Windows 11 , 64 bit Build 22000 (10.0.22000.1880)
Time: Fri Jun 30 03:44:47 2023 Malay Peninsula Standard Time elapsed time: 0.837116 seconds (0d 0h 0m 0s)

---------------  T H R E A D  ---------------

Current thread (0x000002563dc23610):  JavaThread "C2 CompilerThread0" daemon [_thread_in_native, id=444, stack(0x0000005cd5300000,0x0000005cd5400000)]


Current CompileTask:
C2:    837 1118   !   4       com.sun.javafx.css.ParsedValueImpl::readBinary (688 bytes)

Stack: [0x0000005cd5300000,0x0000005cd5400000]
Native frames: (J=compiled Java code, j=interpreted, Vv=VM code, C=native code)
V  [jvm.dll+0x69887a]
V  [jvm.dll+0x7f38bd]
V  [jvm.dll+0x7f51ce]
V  [jvm.dll+0x7f5883]
V  [jvm.dll+0x25ca3f]
V  [jvm.dll+0xb8c2f]
V  [jvm.dll+0xb8fa5]
V  [jvm.dll+0x2c794f]
V  [jvm.dll+0x5a05b0]
V  [jvm.dll+0x237f1e]
V  [jvm.dll+0x231764]
V  [jvm.dll+0x22eeeb]
V  [jvm.dll+0x1b9cfc]
V  [jvm.dll+0x23e8ca]
V  [jvm.dll+0x23cbb5]
V  [jvm.dll+0x7a5fb1]
V  [jvm.dll+0x7a03ea]
V  [jvm.dll+0x697725]
C  [ucrtbase.dll+0x26c0c]
C  [KERNEL32.DLL+0x155a0]
C  [ntdll.dll+0x485b]


---------------  P R O C E S S  ---------------

Threads class SMR info:
_java_thread_list=0x00000256428ab6c0, length=17, elements={
0x000002561db63ce0, 0x000002563dc02de0, 0x000002563dc03780, 0x000002563dc1ec50,
0x000002563dc21600, 0x000002563dc21fa0, 0x000002563dc22940, 0x000002563dc23610,
0x000002563dc23ff0, 0x000002563dc249d0, 0x000002563dbf1050, 0x000002564220a100,
0x00000256426dba40, 0x0000025642730de0, 0x00000256427983b0, 0x00000256429d73e0,
0x00000256429f0090
}

Java Threads: ( => current thread )
  0x000002561db63ce0 JavaThread "main" [_thread_blocked, id=15924, stack(0x0000005cd4600000,0x0000005cd4700000)]
  0x000002563dc02de0 JavaThread "Reference Handler" daemon [_thread_blocked, id=34344, stack(0x0000005cd4d00000,0x0000005cd4e00000)]
  0x000002563dc03780 JavaThread "Finalizer" daemon [_thread_blocked, id=10212, stack(0x0000005cd4e00000,0x0000005cd4f00000)]
  0x000002563dc1ec50 JavaThread "Signal Dispatcher" daemon [_thread_blocked, id=1968, stack(0x0000005cd4f00000,0x0000005cd5000000)]
  0x000002563dc21600 JavaThread "Attach Listener" daemon [_thread_blocked, id=34260, stack(0x0000005cd5000000,0x0000005cd5100000)]
  0x000002563dc21fa0 JavaThread "Service Thread" daemon [_thread_blocked, id=37052, stack(0x0000005cd5100000,0x0000005cd5200000)]
  0x000002563dc22940 JavaThread "Monitor Deflation Thread" daemon [_thread_blocked, id=572, stack(0x0000005cd5200000,0x0000005cd5300000)]
=>0x000002563dc23610 JavaThread "C2 CompilerThread0" daemon [_thread_in_native, id=444, stack(0x0000005cd5300000,0x0000005cd5400000)]
  0x000002563dc23ff0 JavaThread "C1 CompilerThread0" daemon [_thread_blocked, id=28420, stack(0x0000005cd5400000,0x0000005cd5500000)]
  0x000002563dc249d0 JavaThread "Sweeper thread" daemon [_thread_blocked, id=32364, stack(0x0000005cd5500000,0x0000005cd5600000)]
  0x000002563dbf1050 JavaThread "Common-Cleaner" daemon [_thread_blocked, id=21216, stack(0x0000005cd5600000,0x0000005cd5700000)]
  0x000002564220a100 JavaThread "Notification Thread" daemon [_thread_blocked, id=4384, stack(0x0000005cd5700000,0x0000005cd5800000)]
  0x00000256426dba40 JavaThread "QuantumRenderer-0" daemon [_thread_blocked, id=27188, stack(0x0000005cd5900000,0x0000005cd5a00000)]
  0x0000025642730de0 JavaThread "InvokeLaterDispatcher" daemon [_thread_blocked, id=38812, stack(0x0000005cd5a00000,0x0000005cd5b00000)]
  0x00000256427983b0 JavaThread "JavaFX Application Thread" [_thread_in_Java, id=29104, stack(0x0000005cd5b00000,0x0000005cd5c00000)]
  0x00000256429d73e0 JavaThread "Thread-1" daemon [_thread_in_native, id=19540, stack(0x0000005cd5f00000,0x0000005cd6000000)]
  0x00000256429f0090 JavaThread "JavaFX-Launcher" [_thread_blocked, id=38832, stack(0x0000005cd6000000,0x0000005cd6100000)]

Other Threads:
  0x000002561dbddfe0 VMThread "VM Thread" [stack: 0x0000005cd4c00000,0x0000005cd4d00000] [id=26892]
  0x00000256421a60b0 WatcherThread "VM Periodic Task Thread" [stack: 0x0000005cd5800000,0x0000005cd5900000] [id=15292]
  0x000002561dbc5140 WorkerThread "GC Thread#0" [stack: 0x0000005cd4700000,0x0000005cd4800000] [id=22092]
  0x000002564291cf90 WorkerThread "GC Thread#1" [stack: 0x0000005cd6100000,0x0000005cd6200000] [id=28428]
  0x000002564291e490 WorkerThread "GC Thread#2" [stack: 0x0000005cd6200000,0x0000005cd6300000] [id=10528]
  0x000002564291e730 WorkerThread "GC Thread#3" [stack: 0x0000005cd6300000,0x0000005cd6400000] [id=33208]
  0x000002564291b010 WorkerThread "GC Thread#4" [stack: 0x0000005cd6400000,0x0000005cd6500000] [id=20868]
  0x000002564291bd30 WorkerThread "GC Thread#5" [stack: 0x0000005cd6500000,0x0000005cd6600000] [id=17504]
  0x000002564291aad0 WorkerThread "GC Thread#6" [stack: 0x0000005cd6600000,0x0000005cd6700000] [id=17412]
  0x000002561dbd6de0 ConcurrentGCThread "G1 Main Marker" [stack: 0x0000005cd4800000,0x0000005cd4900000] [id=38120]
  0x000002561dbd7f70 WorkerThread "G1 Conc#0" [stack: 0x0000005cd4900000,0x0000005cd4a00000] [id=35764]
  0x000002561dc27d70 ConcurrentGCThread "G1 Refine#0" [stack: 0x0000005cd4a00000,0x0000005cd4b00000] [id=35604]
  0x000002561dc28680 ConcurrentGCThread "G1 Service" [stack: 0x0000005cd4b00000,0x0000005cd4c00000] [id=31536]

Threads with active compile tasks:
C2 CompilerThread0      875 1118   !   4       com.sun.javafx.css.ParsedValueImpl::readBinary (688 bytes)

VM state: not at safepoint (normal execution)

VM Mutex/Monitor currently owned by a thread: None

Heap address: 0x0000000082000000, size: 2016 MB, Compressed Oops mode: 32-bit

CDS archive(s) mapped at: [0x0000000800000000-0x0000000800ba0000-0x0000000800ba0000), size 12189696, SharedBaseAddress: 0x0000000800000000, ArchiveRelocationMode: 0.
Compressed class space mapped at: 0x0000000800c00000-0x0000000840c00000, reserved size: 1073741824
Narrow klass base: 0x0000000800000000, Narrow klass shift: 0, Narrow klass range: 0x100000000

GC Precious Log:
 CardTable entry size: 512
 Card Set container configuration: InlinePtr #cards 5 size 8 Array Of Cards #cards 12 size 40 Howl #buckets 4 coarsen threshold 1843 Howl Bitmap #cards 512 size 80 coarsen threshold 460 Card regions per heap region 1 cards per card region 2048
 CPUs: 8 total, 8 available
 Memory: 8059M
 Large Page Support: Disabled
 NUMA Support: Disabled
 Compressed Oops: Enabled (32-bit)
 Heap Region Size: 1M
 Heap Min Capacity: 8M
 Heap Initial Capacity: 126M
 Heap Max Capacity: 2016M
 Pre-touch: Disabled
 Parallel Workers: 8
 Concurrent Workers: 2
 Concurrent Refinement Workers: 8
 Periodic GC: Disabled

Heap:
 garbage-first heap   total 129024K, used 67069K [0x0000000082000000, 0x0000000100000000)
  region size 1024K, 3 young (3072K), 2 survivors (2048K)
 Metaspace       used 7250K, committed 7488K, reserved 1114112K
  class space    used 929K, committed 1024K, reserved 1048576K

Heap Regions: E=young(eden), S=young(survivor), O=old, HS=humongous(starts), HC=humongous(continues), CS=collection set, F=free, OA=open archive, CA=closed archive, TAMS=top-at-mark-start (previous, next)
|   0|0x0000000082000000, 0x0000000082100000, 0x0000000082100000|100%|HS|  |TAMS 0x0000000082000000, 0x0000000082100000| Complete 
|   1|0x0000000082100000, 0x0000000082200000, 0x0000000082200000|100%|HC|  |TAMS 0x0000000082100000, 0x0000000082200000| Complete 
|   2|0x0000000082200000, 0x0000000082300000, 0x0000000082300000|100%|HC|  |TAMS 0x0000000082200000, 0x0000000082300000| Complete 
|   3|0x0000000082300000, 0x0000000082400000, 0x0000000082400000|100%|HC|  |TAMS 0x0000000082300000, 0x0000000082400000| Complete 
|   4|0x0000000082400000, 0x0000000082500000, 0x0000000082500000|100%|HC|  |TAMS 0x0000000082400000, 0x0000000082500000| Complete 
|   5|0x0000000082500000, 0x0000000082600000, 0x0000000082600000|100%|HC|  |TAMS 0x0000000082500000, 0x0000000082600000| Complete 
|   6|0x0000000082600000, 0x0000000082700000, 0x0000000082700000|100%|HC|  |TAMS 0x0000000082600000, 0x0000000082700000| Complete 
|   7|0x0000000082700000, 0x0000000082800000, 0x0000000082800000|100%|HC|  |TAMS 0x0000000082700000, 0x0000000082800000| Complete 
|   8|0x0000000082800000, 0x0000000082900000, 0x0000000082900000|100%|HC|  |TAMS 0x0000000082800000, 0x0000000082900000| Complete 
|   9|0x0000000082900000, 0x0000000082a00000, 0x0000000082a00000|100%|HC|  |TAMS 0x0000000082900000, 0x0000000082a00000| Complete 
|  10|0x0000000082a00000, 0x0000000082b00000, 0x0000000082b00000|100%|HC|  |TAMS 0x0000000082a00000, 0x0000000082b00000| Complete 
|  11|0x0000000082b00000, 0x0000000082c00000, 0x0000000082c00000|100%|HC|  |TAMS 0x0000000082b00000, 0x0000000082c00000| Complete 
|  12|0x0000000082c00000, 0x0000000082d00000, 0x0000000082d00000|100%|HC|  |TAMS 0x0000000082c00000, 0x0000000082d00000| Complete 
|  13|0x0000000082d00000, 0x0000000082e00000, 0x0000000082e00000|100%|HC|  |TAMS 0x0000000082d00000, 0x0000000082e00000| Complete 
|  14|0x0000000082e00000, 0x0000000082f00000, 0x0000000082f00000|100%|HC|  |TAMS 0x0000000082e00000, 0x0000000082f00000| Complete 
|  15|0x0000000082f00000, 0x0000000083000000, 0x0000000083000000|100%|HC|  |TAMS 0x0000000082f00000, 0x0000000083000000| Complete 
|  16|0x0000000083000000, 0x0000000083100000, 0x0000000083100000|100%|HC|  |TAMS 0x0000000083000000, 0x0000000083100000| Complete 
|  17|0x0000000083100000, 0x0000000083200000, 0x0000000083200000|100%|HC|  |TAMS 0x0000000083100000, 0x0000000083200000| Complete 
|  18|0x0000000083200000, 0x0000000083300000, 0x0000000083300000|100%|HC|  |TAMS 0x0000000083200000, 0x0000000083300000| Complete 
|  19|0x0000000083300000, 0x0000000083400000, 0x0000000083400000|100%|HC|  |TAMS 0x0000000083300000, 0x0000000083400000| Complete 
|  20|0x0000000083400000, 0x0000000083500000, 0x0000000083500000|100%|HC|  |TAMS 0x0000000083400000, 0x0000000083500000| Complete 
|  21|0x0000000083500000, 0x0000000083600000, 0x0000000083600000|100%|HC|  |TAMS 0x0000000083500000, 0x0000000083600000| Complete 
|  22|0x0000000083600000, 0x0000000083700000, 0x0000000083700000|100%|HC|  |TAMS 0x0000000083600000, 0x0000000083700000| Complete 
|  23|0x0000000083700000, 0x0000000083800000, 0x0000000083800000|100%|HC|  |TAMS 0x0000000083700000, 0x0000000083800000| Complete 
|  24|0x0000000083800000, 0x0000000083900000, 0x0000000083900000|100%|HC|  |TAMS 0x0000000083800000, 0x0000000083900000| Complete 
|  25|0x0000000083900000, 0x0000000083a00000, 0x0000000083a00000|100%|HC|  |TAMS 0x0000000083900000, 0x0000000083a00000| Complete 
|  26|0x0000000083a00000, 0x0000000083b00000, 0x0000000083b00000|100%|HC|  |TAMS 0x0000000083a00000, 0x0000000083b00000| Complete 
|  27|0x0000000083b00000, 0x0000000083c00000, 0x0000000083c00000|100%|HC|  |TAMS 0x0000000083b00000, 0x0000000083c00000| Complete 
|  28|0x0000000083c00000, 0x0000000083d00000, 0x0000000083d00000|100%|HC|  |TAMS 0x0000000083c00000, 0x0000000083d00000| Complete 
|  29|0x0000000083d00000, 0x0000000083e00000, 0x0000000083e00000|100%|HC|  |TAMS 0x0000000083d00000, 0x0000000083e00000| Complete 
|  30|0x0000000083e00000, 0x0000000083f00000, 0x0000000083f00000|100%|HC|  |TAMS 0x0000000083e00000, 0x0000000083f00000| Complete 
|  31|0x0000000083f00000, 0x0000000084000000, 0x0000000084000000|100%|HC|  |TAMS 0x0000000083f00000, 0x0000000084000000| Complete 
|  32|0x0000000084000000, 0x0000000084100000, 0x0000000084100000|100%|HC|  |TAMS 0x0000000084000000, 0x0000000084100000| Complete 
|  33|0x0000000084100000, 0x0000000084200000, 0x0000000084200000|100%|HC|  |TAMS 0x0000000084100000, 0x0000000084200000| Complete 
|  34|0x0000000084200000, 0x0000000084300000, 0x0000000084300000|100%|HC|  |TAMS 0x0000000084200000, 0x0000000084300000| Complete 
|  35|0x0000000084300000, 0x0000000084400000, 0x0000000084400000|100%|HC|  |TAMS 0x0000000084300000, 0x0000000084400000| Complete 
|  36|0x0000000084400000, 0x0000000084500000, 0x0000000084500000|100%|HC|  |TAMS 0x0000000084400000, 0x0000000084500000| Complete 
|  37|0x0000000084500000, 0x0000000084600000, 0x0000000084600000|100%|HC|  |TAMS 0x0000000084500000, 0x0000000084600000| Complete 
|  38|0x0000000084600000, 0x0000000084700000, 0x0000000084700000|100%|HC|  |TAMS 0x0000000084600000, 0x0000000084700000| Complete 
|  39|0x0000000084700000, 0x0000000084800000, 0x0000000084800000|100%|HC|  |TAMS 0x0000000084700000, 0x0000000084800000| Complete 
|  40|0x0000000084800000, 0x0000000084900000, 0x0000000084900000|100%|HC|  |TAMS 0x0000000084800000, 0x0000000084900000| Complete 
|  41|0x0000000084900000, 0x0000000084a00000, 0x0000000084a00000|100%|HC|  |TAMS 0x0000000084900000, 0x0000000084a00000| Complete 
|  42|0x0000000084a00000, 0x0000000084b00000, 0x0000000084b00000|100%|HC|  |TAMS 0x0000000084a00000, 0x0000000084b00000| Complete 
|  43|0x0000000084b00000, 0x0000000084c00000, 0x0000000084c00000|100%|HC|  |TAMS 0x0000000084b00000, 0x0000000084c00000| Complete 
|  44|0x0000000084c00000, 0x0000000084d00000, 0x0000000084d00000|100%|HC|  |TAMS 0x0000000084c00000, 0x0000000084d00000| Complete 
|  45|0x0000000084d00000, 0x0000000084e00000, 0x0000000084e00000|100%|HC|  |TAMS 0x0000000084d00000, 0x0000000084e00000| Complete 
|  46|0x0000000084e00000, 0x0000000084f00000, 0x0000000084f00000|100%|HC|  |TAMS 0x0000000084e00000, 0x0000000084f00000| Complete 
|  47|0x0000000084f00000, 0x0000000085000000, 0x0000000085000000|100%|HC|  |TAMS 0x0000000084f00000, 0x0000000085000000| Complete 
|  48|0x0000000085000000, 0x0000000085100000, 0x0000000085100000|100%|HC|  |TAMS 0x0000000085000000, 0x0000000085100000| Complete 
|  49|0x0000000085100000, 0x0000000085200000, 0x0000000085200000|100%|HC|  |TAMS 0x0000000085100000, 0x0000000085200000| Complete 
|  50|0x0000000085200000, 0x0000000085300000, 0x0000000085300000|100%|HS|  |TAMS 0x0000000085200000, 0x0000000085300000| Complete 
|  51|0x0000000085300000, 0x0000000085400000, 0x0000000085400000|100%|HC|  |TAMS 0x0000000085300000, 0x0000000085400000| Complete 
|  52|0x0000000085400000, 0x0000000085500000, 0x0000000085500000|100%| O|  |TAMS 0x0000000085400000, 0x0000000085400000| Untracked 
|  53|0x0000000085500000, 0x0000000085600000, 0x0000000085600000|100%| O|  |TAMS 0x0000000085500000, 0x0000000085500000| Untracked 
|  54|0x0000000085600000, 0x0000000085692e00, 0x0000000085700000| 57%| O|  |TAMS 0x0000000085600000, 0x0000000085600000| Untracked 
|  55|0x0000000085700000, 0x0000000085800000, 0x0000000085800000|100%|HS|  |TAMS 0x0000000085700000, 0x0000000085700000| Complete 
|  56|0x0000000085800000, 0x0000000085900000, 0x0000000085900000|100%|HC|  |TAMS 0x0000000085800000, 0x0000000085800000| Complete 
|  57|0x0000000085900000, 0x0000000085a00000, 0x0000000085a00000|100%|HC|  |TAMS 0x0000000085900000, 0x0000000085900000| Complete 
|  58|0x0000000085a00000, 0x0000000085b00000, 0x0000000085b00000|100%|HC|  |TAMS 0x0000000085a00000, 0x0000000085a00000| Complete 
|  59|0x0000000085b00000, 0x0000000085c00000, 0x0000000085c00000|100%|HC|  |TAMS 0x0000000085b00000, 0x0000000085b00000| Complete 
|  60|0x0000000085c00000, 0x0000000085d00000, 0x0000000085d00000|100%|HC|  |TAMS 0x0000000085c00000, 0x0000000085c00000| Complete 
|  61|0x0000000085d00000, 0x0000000085e00000, 0x0000000085e00000|100%|HC|  |TAMS 0x0000000085d00000, 0x0000000085d00000| Complete 
|  62|0x0000000085e00000, 0x0000000085f00000, 0x0000000085f00000|100%|HC|  |TAMS 0x0000000085e00000, 0x0000000085e00000| Complete 
|  63|0x0000000085f00000, 0x0000000086000000, 0x0000000086000000|100%|HC|  |TAMS 0x0000000085f00000, 0x0000000085f00000| Complete 
|  64|0x0000000086000000, 0x0000000086000000, 0x0000000086100000|  0%| F|  |TAMS 0x0000000086000000, 0x0000000086000000| Untracked 
|  65|0x0000000086100000, 0x0000000086100000, 0x0000000086200000|  0%| F|  |TAMS 0x0000000086100000, 0x0000000086100000| Untracked 
|  66|0x0000000086200000, 0x0000000086200000, 0x0000000086300000|  0%| F|  |TAMS 0x0000000086200000, 0x0000000086200000| Untracked 
|  67|0x0000000086300000, 0x0000000086300000, 0x0000000086400000|  0%| F|  |TAMS 0x0000000086300000, 0x0000000086300000| Untracked 
|  68|0x0000000086400000, 0x0000000086400000, 0x0000000086500000|  0%| F|  |TAMS 0x0000000086400000, 0x0000000086400000| Untracked 
|  69|0x0000000086500000, 0x0000000086500000, 0x0000000086600000|  0%| F|  |TAMS 0x0000000086500000, 0x0000000086500000| Untracked 
|  70|0x0000000086600000, 0x0000000086600000, 0x0000000086700000|  0%| F|  |TAMS 0x0000000086600000, 0x0000000086600000| Untracked 
|  71|0x0000000086700000, 0x0000000086700000, 0x0000000086800000|  0%| F|  |TAMS 0x0000000086700000, 0x0000000086700000| Untracked 
|  72|0x0000000086800000, 0x0000000086800000, 0x0000000086900000|  0%| F|  |TAMS 0x0000000086800000, 0x0000000086800000| Untracked 
|  73|0x0000000086900000, 0x0000000086900000, 0x0000000086a00000|  0%| F|  |TAMS 0x0000000086900000, 0x0000000086900000| Untracked 
|  74|0x0000000086a00000, 0x0000000086a00000, 0x0000000086b00000|  0%| F|  |TAMS 0x0000000086a00000, 0x0000000086a00000| Untracked 
|  75|0x0000000086b00000, 0x0000000086b00000, 0x0000000086c00000|  0%| F|  |TAMS 0x0000000086b00000, 0x0000000086b00000| Untracked 
|  76|0x0000000086c00000, 0x0000000086c00000, 0x0000000086d00000|  0%| F|  |TAMS 0x0000000086c00000, 0x0000000086c00000| Untracked 
|  77|0x0000000086d00000, 0x0000000086d00000, 0x0000000086e00000|  0%| F|  |TAMS 0x0000000086d00000, 0x0000000086d00000| Untracked 
|  78|0x0000000086e00000, 0x0000000086e00000, 0x0000000086f00000|  0%| F|  |TAMS 0x0000000086e00000, 0x0000000086e00000| Untracked 
|  79|0x0000000086f00000, 0x0000000086f00000, 0x0000000087000000|  0%| F|  |TAMS 0x0000000086f00000, 0x0000000086f00000| Untracked 
|  80|0x0000000087000000, 0x0000000087000000, 0x0000000087100000|  0%| F|  |TAMS 0x0000000087000000, 0x0000000087000000| Untracked 
|  81|0x0000000087100000, 0x0000000087100000, 0x0000000087200000|  0%| F|  |TAMS 0x0000000087100000, 0x0000000087100000| Untracked 
|  82|0x0000000087200000, 0x0000000087200000, 0x0000000087300000|  0%| F|  |TAMS 0x0000000087200000, 0x0000000087200000| Untracked 
|  83|0x0000000087300000, 0x0000000087300000, 0x0000000087400000|  0%| F|  |TAMS 0x0000000087300000, 0x0000000087300000| Untracked 
|  84|0x0000000087400000, 0x0000000087400000, 0x0000000087500000|  0%| F|  |TAMS 0x0000000087400000, 0x0000000087400000| Untracked 
|  85|0x0000000087500000, 0x0000000087500000, 0x0000000087600000|  0%| F|  |TAMS 0x0000000087500000, 0x0000000087500000| Untracked 
|  86|0x0000000087600000, 0x0000000087600000, 0x0000000087700000|  0%| F|  |TAMS 0x0000000087600000, 0x0000000087600000| Untracked 
|  87|0x0000000087700000, 0x0000000087700000, 0x0000000087800000|  0%| F|  |TAMS 0x0000000087700000, 0x0000000087700000| Untracked 
|  88|0x0000000087800000, 0x0000000087800000, 0x0000000087900000|  0%| F|  |TAMS 0x0000000087800000, 0x0000000087800000| Untracked 
|  89|0x0000000087900000, 0x0000000087900000, 0x0000000087a00000|  0%| F|  |TAMS 0x0000000087900000, 0x0000000087900000| Untracked 
|  90|0x0000000087a00000, 0x0000000087a00000, 0x0000000087b00000|  0%| F|  |TAMS 0x0000000087a00000, 0x0000000087a00000| Untracked 
|  91|0x0000000087b00000, 0x0000000087b00000, 0x0000000087c00000|  0%| F|  |TAMS 0x0000000087b00000, 0x0000000087b00000| Untracked 
|  92|0x0000000087c00000, 0x0000000087c00000, 0x0000000087d00000|  0%| F|  |TAMS 0x0000000087c00000, 0x0000000087c00000| Untracked 
|  93|0x0000000087d00000, 0x0000000087d00000, 0x0000000087e00000|  0%| F|  |TAMS 0x0000000087d00000, 0x0000000087d00000| Untracked 
|  94|0x0000000087e00000, 0x0000000087e00000, 0x0000000087f00000|  0%| F|  |TAMS 0x0000000087e00000, 0x0000000087e00000| Untracked 
|  95|0x0000000087f00000, 0x0000000087f00000, 0x0000000088000000|  0%| F|  |TAMS 0x0000000087f00000, 0x0000000087f00000| Untracked 
|  96|0x0000000088000000, 0x0000000088000000, 0x0000000088100000|  0%| F|  |TAMS 0x0000000088000000, 0x0000000088000000| Untracked 
|  97|0x0000000088100000, 0x0000000088100000, 0x0000000088200000|  0%| F|  |TAMS 0x0000000088100000, 0x0000000088100000| Untracked 
|  98|0x0000000088200000, 0x0000000088200000, 0x0000000088300000|  0%| F|  |TAMS 0x0000000088200000, 0x0000000088200000| Untracked 
|  99|0x0000000088300000, 0x0000000088300000, 0x0000000088400000|  0%| F|  |TAMS 0x0000000088300000, 0x0000000088300000| Untracked 
| 100|0x0000000088400000, 0x0000000088400000, 0x0000000088500000|  0%| F|  |TAMS 0x0000000088400000, 0x0000000088400000| Untracked 
| 101|0x0000000088500000, 0x0000000088500000, 0x0000000088600000|  0%| F|  |TAMS 0x0000000088500000, 0x0000000088500000| Untracked 
| 102|0x0000000088600000, 0x0000000088600000, 0x0000000088700000|  0%| F|  |TAMS 0x0000000088600000, 0x0000000088600000| Untracked 
| 103|0x0000000088700000, 0x0000000088700000, 0x0000000088800000|  0%| F|  |TAMS 0x0000000088700000, 0x0000000088700000| Untracked 
| 104|0x0000000088800000, 0x0000000088800000, 0x0000000088900000|  0%| F|  |TAMS 0x0000000088800000, 0x0000000088800000| Untracked 
| 105|0x0000000088900000, 0x0000000088900000, 0x0000000088a00000|  0%| F|  |TAMS 0x0000000088900000, 0x0000000088900000| Untracked 
| 106|0x0000000088a00000, 0x0000000088a00000, 0x0000000088b00000|  0%| F|  |TAMS 0x0000000088a00000, 0x0000000088a00000| Untracked 
| 107|0x0000000088b00000, 0x0000000088b00000, 0x0000000088c00000|  0%| F|  |TAMS 0x0000000088b00000, 0x0000000088b00000| Untracked 
| 108|0x0000000088c00000, 0x0000000088c00000, 0x0000000088d00000|  0%| F|  |TAMS 0x0000000088c00000, 0x0000000088c00000| Untracked 
| 109|0x0000000088d00000, 0x0000000088d00000, 0x0000000088e00000|  0%| F|  |TAMS 0x0000000088d00000, 0x0000000088d00000| Untracked 
| 110|0x0000000088e00000, 0x0000000088e00000, 0x0000000088f00000|  0%| F|  |TAMS 0x0000000088e00000, 0x0000000088e00000| Untracked 
| 111|0x0000000088f00000, 0x0000000088f00000, 0x0000000089000000|  0%| F|  |TAMS 0x0000000088f00000, 0x0000000088f00000| Untracked 
| 112|0x0000000089000000, 0x0000000089000000, 0x0000000089100000|  0%| F|  |TAMS 0x0000000089000000, 0x0000000089000000| Untracked 
| 113|0x0000000089100000, 0x0000000089100000, 0x0000000089200000|  0%| F|  |TAMS 0x0000000089100000, 0x0000000089100000| Untracked 
| 114|0x0000000089200000, 0x00000000892ec880, 0x0000000089300000| 92%| S|CS|TAMS 0x0000000089200000, 0x0000000089200000| Complete 
| 115|0x0000000089300000, 0x0000000089400000, 0x0000000089400000|100%| S|CS|TAMS 0x0000000089300000, 0x0000000089300000| Complete 
| 116|0x0000000089400000, 0x0000000089400000, 0x0000000089500000|  0%| F|  |TAMS 0x0000000089400000, 0x0000000089400000| Untracked 
| 117|0x0000000089500000, 0x0000000089500000, 0x0000000089600000|  0%| F|  |TAMS 0x0000000089500000, 0x0000000089500000| Untracked 
| 118|0x0000000089600000, 0x0000000089600000, 0x0000000089700000|  0%| F|  |TAMS 0x0000000089600000, 0x0000000089600000| Untracked 
| 119|0x0000000089700000, 0x0000000089700000, 0x0000000089800000|  0%| F|  |TAMS 0x0000000089700000, 0x0000000089700000| Untracked 
| 120|0x0000000089800000, 0x0000000089800000, 0x0000000089900000|  0%| F|  |TAMS 0x0000000089800000, 0x0000000089800000| Untracked 
| 121|0x0000000089900000, 0x0000000089900000, 0x0000000089a00000|  0%| F|  |TAMS 0x0000000089900000, 0x0000000089900000| Untracked 
| 122|0x0000000089a00000, 0x0000000089a00000, 0x0000000089b00000|  0%| F|  |TAMS 0x0000000089a00000, 0x0000000089a00000| Untracked 
| 123|0x0000000089b00000, 0x0000000089b00000, 0x0000000089c00000|  0%| F|  |TAMS 0x0000000089b00000, 0x0000000089b00000| Untracked 
| 124|0x0000000089c00000, 0x0000000089c00000, 0x0000000089d00000|  0%| F|  |TAMS 0x0000000089c00000, 0x0000000089c00000| Untracked 
| 125|0x0000000089d00000, 0x0000000089d63c10, 0x0000000089e00000| 38%| E|  |TAMS 0x0000000089d00000, 0x0000000089d00000| Complete 

Card table byte_map: [0x0000025636ad0000,0x0000025636ec0000] _byte_map_base: 0x00000256366c0000

Marking Bits (Prev, Next): (CMBitMap*) 0x000002561dbc5740, (CMBitMap*) 0x000002561dbc5780
 Prev Bits: [0x00000256372b0000, 0x0000025639230000)
 Next Bits: [0x0000025639230000, 0x000002563b1b0000)

Polling page: 0x000002561dc30000

Metaspace:

Usage:
  Non-class:      6.17 MB used.
      Class:    929.88 KB used.
       Both:      7.08 MB used.

Virtual space:
  Non-class space:       64.00 MB reserved,       6.31 MB ( 10%) committed,  1 nodes.
      Class space:        1.00 GB reserved,       1.00 MB ( <1%) committed,  1 nodes.
             Both:        1.06 GB reserved,       7.31 MB ( <1%) committed. 

Chunk freelists:
   Non-Class:  3.98 MB
       Class:  3.02 MB
        Both:  7.00 MB

MaxMetaspaceSize: unlimited
CompressedClassSpaceSize: 1.00 GB
Initial GC threshold: 21.00 MB
Current GC threshold: 21.00 MB
CDS: on
MetaspaceReclaimPolicy: balanced
 - commit_granule_bytes: 65536.
 - commit_granule_words: 8192.
 - virtual_space_node_default_size: 8388608.
 - enlarge_chunks_in_place: 1.
 - new_chunks_are_fully_committed: 0.
 - uncommit_free_chunks: 1.
 - use_allocation_guard: 0.


Internal statistics:

num_allocs_failed_limit: 0.
num_arena_births: 132.
num_arena_deaths: 0.
num_vsnodes_births: 2.
num_vsnodes_deaths: 0.
num_space_committed: 117.
num_space_uncommitted: 0.
num_chunks_returned_to_freelist: 0.
num_chunks_taken_from_freelist: 344.
num_chunk_merges: 0.
num_chunk_splits: 239.
num_chunks_enlarged: 189.
num_inconsistent_stats: 0.

CodeHeap 'non-profiled nmethods': size=120000Kb used=357Kb max_used=357Kb free=119642Kb
 bounds [0x000002562e740000, 0x000002562e9b0000, 0x0000025635c70000]
CodeHeap 'profiled nmethods': size=120000Kb used=1951Kb max_used=1951Kb free=118048Kb
 bounds [0x0000025627210000, 0x0000025627480000, 0x000002562e740000]
CodeHeap 'non-nmethods': size=5760Kb used=1264Kb max_used=1278Kb free=4495Kb
 bounds [0x0000025626c70000, 0x0000025626ee0000, 0x0000025627210000]
 total_blobs=1737 nmethods=1164 adapters=486
 compilation: enabled
              stopped_count=0, restarted_count=0
 full_count=0

Compilation events (20 events):
Event: 0.822 Thread 0x000002563dc23ff0 1130       3       java.io.ByteArrayInputStream::<init> (26 bytes)
Event: 0.822 Thread 0x000002563dc23ff0 nmethod 1130 0x00000256273e2f10 code [0x00000256273e30c0, 0x00000256273e32f8]
Event: 0.822 Thread 0x000002563dc23ff0 1131       3       javafx.css.Rule::getSelectors (27 bytes)
Event: 0.822 Thread 0x000002563dc23ff0 nmethod 1131 0x00000256273e3410 code [0x00000256273e35c0, 0x00000256273e3828]
Event: 0.823 Thread 0x000002563dc23ff0 1132       3       java.util.HashSet::contains (9 bytes)
Event: 0.823 Thread 0x000002563dc23ff0 nmethod 1132 0x00000256273e3910 code [0x00000256273e3ac0, 0x00000256273e3c88]
Event: 0.825 Thread 0x000002563dc23ff0 1133       3       java.util.ImmutableCollections$Set12::<init> (53 bytes)
Event: 0.825 Thread 0x000002563dc23ff0 nmethod 1133 0x00000256273e3d90 code [0x00000256273e4040, 0x00000256273e4d08]
Event: 0.826 Thread 0x000002563dc23ff0 1135       3       java.lang.invoke.DirectMethodHandle::constructorMethod (10 bytes)
Event: 0.827 Thread 0x000002563dc23ff0 nmethod 1135 0x00000256273e5110 code [0x00000256273e52a0, 0x00000256273e5498]
Event: 0.827 Thread 0x000002563dc23ff0 1136       3       java.lang.Class::cast (27 bytes)
Event: 0.827 Thread 0x000002563dc23ff0 nmethod 1136 0x00000256273e5590 code [0x00000256273e5740, 0x00000256273e59f8]
Event: 0.827 Thread 0x000002563dc23ff0 1137       3       java.io.WinNTFileSystem::normalize (224 bytes)
Event: 0.829 Thread 0x000002563dc23ff0 nmethod 1137 0x00000256273e5b10 code [0x00000256273e5ee0, 0x00000256273e7a58]
Event: 0.831 Thread 0x000002563dc23ff0 1138       3       com.sun.javafx.iio.png.PNGImageLoader2::upsampleTo8Palette (129 bytes)
Event: 0.831 Thread 0x000002563dc23ff0 nmethod 1138 0x00000256273e8490 code [0x00000256273e8640, 0x00000256273e8a18]
Event: 0.831 Thread 0x000002563dc23ff0 1140       3       com.sun.javafx.iio.png.PNGImageLoader2::doFilter (71 bytes)
Event: 0.832 Thread 0x000002563dc23ff0 nmethod 1140 0x00000256273e8c10 code [0x00000256273e8e00, 0x00000256273e9118]
Event: 0.832 Thread 0x000002563dc23ff0 1141       3       com.sun.javafx.iio.png.PNGImageLoader2::mipPos (10 bytes)
Event: 0.832 Thread 0x000002563dc23ff0 nmethod 1141 0x00000256273e9210 code [0x00000256273e93a0, 0x00000256273e94d8]

GC Heap History (2 events):
Event: 0.577 GC heap before
{Heap before GC invocations=0 (full 0):
 garbage-first heap   total 129024K, used 22528K [0x0000000082000000, 0x0000000100000000)
  region size 1024K, 23 young (23552K), 0 survivors (0K)
 Metaspace       used 5274K, committed 5440K, reserved 1114112K
  class space    used 644K, committed 704K, reserved 1048576K
}
Event: 0.580 GC heap after
{Heap after GC invocations=1 (full 0):
 garbage-first heap   total 129024K, used 2773K [0x0000000082000000, 0x0000000100000000)
  region size 1024K, 3 young (3072K), 3 survivors (3072K)
 Metaspace       used 5274K, committed 5440K, reserved 1114112K
  class space    used 644K, committed 704K, reserved 1048576K
}

Deoptimization events (20 events):
Event: 0.801 Thread 0x00000256427983b0 Uncommon trap: trap_request=0xffffffde fr.pc=0x000002562e7924b4 relative=0x00000000000004f4
Event: 0.801 Thread 0x00000256427983b0 Uncommon trap: reason=class_check action=maybe_recompile pc=0x000002562e7924b4 method=java.io.DataInputStream.readShort()S @ 4 c2
Event: 0.801 Thread 0x00000256427983b0 DEOPT PACKING pc=0x000002562e7924b4 sp=0x0000005cd5bfd240
Event: 0.801 Thread 0x00000256427983b0 DEOPT UNPACKING pc=0x0000025626cc23a3 sp=0x0000005cd5bfd200 mode 2
Event: 0.807 Thread 0x00000256427983b0 Uncommon trap: trap_request=0xffffffde fr.pc=0x000002562e7924b4 relative=0x00000000000004f4
Event: 0.807 Thread 0x00000256427983b0 Uncommon trap: reason=class_check action=maybe_recompile pc=0x000002562e7924b4 method=java.io.DataInputStream.readShort()S @ 4 c2
Event: 0.807 Thread 0x00000256427983b0 DEOPT PACKING pc=0x000002562e7924b4 sp=0x0000005cd5bfd240
Event: 0.807 Thread 0x00000256427983b0 DEOPT UNPACKING pc=0x0000025626cc23a3 sp=0x0000005cd5bfd200 mode 2
Event: 0.807 Thread 0x00000256427983b0 Uncommon trap: trap_request=0xffffffde fr.pc=0x000002562e7924b4 relative=0x00000000000004f4
Event: 0.807 Thread 0x00000256427983b0 Uncommon trap: reason=class_check action=maybe_recompile pc=0x000002562e7924b4 method=java.io.DataInputStream.readShort()S @ 4 c2
Event: 0.807 Thread 0x00000256427983b0 DEOPT PACKING pc=0x000002562e7924b4 sp=0x0000005cd5bfd0f0
Event: 0.807 Thread 0x00000256427983b0 DEOPT UNPACKING pc=0x0000025626cc23a3 sp=0x0000005cd5bfd0b0 mode 2
Event: 0.810 Thread 0x00000256427983b0 Uncommon trap: trap_request=0xffffff45 fr.pc=0x000002562e7858ec relative=0x00000000000003cc
Event: 0.810 Thread 0x00000256427983b0 Uncommon trap: reason=unstable_if action=reinterpret pc=0x000002562e7858ec method=java.util.HashMap.putVal(ILjava/lang/Object;Ljava/lang/Object;ZZ)Ljava/lang/Object; @ 162 c2
Event: 0.810 Thread 0x00000256427983b0 DEOPT PACKING pc=0x000002562e7858ec sp=0x0000005cd5bfd210
Event: 0.810 Thread 0x00000256427983b0 DEOPT UNPACKING pc=0x0000025626cc23a3 sp=0x0000005cd5bfd1b0 mode 2
Event: 0.829 Thread 0x00000256427983b0 Uncommon trap: trap_request=0xffffff45 fr.pc=0x000002562e796c54 relative=0x00000000000001d4
Event: 0.829 Thread 0x00000256427983b0 Uncommon trap: reason=unstable_if action=reinterpret pc=0x000002562e796c54 method=java.io.ByteArrayInputStream.read()I @ 8 c2
Event: 0.829 Thread 0x00000256427983b0 DEOPT PACKING pc=0x000002562e796c54 sp=0x0000005cd5bfdce0
Event: 0.829 Thread 0x00000256427983b0 DEOPT UNPACKING pc=0x0000025626cc23a3 sp=0x0000005cd5bfdc98 mode 2

Classes loaded (20 events):
Event: 0.777 Loading class java/text/CharacterIterator
Event: 0.778 Loading class java/text/CharacterIterator done
Event: 0.779 Loading class java/io/FilenameFilter
Event: 0.779 Loading class java/io/FilenameFilter done
Event: 0.796 Loading class java/util/AbstractList$RandomAccessSubList
Event: 0.797 Loading class java/util/AbstractList$SubList
Event: 0.797 Loading class java/util/AbstractList$SubList done
Event: 0.797 Loading class java/util/AbstractList$RandomAccessSubList done
Event: 0.797 Loading class java/util/AbstractList$SubList$1
Event: 0.797 Loading class java/util/AbstractList$SubList$1 done
Event: 0.797 Loading class java/util/AbstractList$ListItr
Event: 0.797 Loading class java/util/AbstractList$ListItr done
Event: 0.821 Loading class java/util/WeakHashMap$Values
Event: 0.821 Loading class java/util/WeakHashMap$Values done
Event: 0.821 Loading class java/util/WeakHashMap$ValueIterator
Event: 0.821 Loading class java/util/WeakHashMap$ValueIterator done
Event: 0.821 Loading class java/util/EventListener
Event: 0.821 Loading class java/util/EventListener done
Event: 0.822 Loading class java/lang/CloneNotSupportedException
Event: 0.822 Loading class java/lang/CloneNotSupportedException done

Classes unloaded (0 events):
No events

Classes redefined (0 events):
No events

Internal exceptions (20 events):
Event: 0.145 Thread 0x000002561db63ce0 Exception <a 'java/lang/NoSuchMethodError'{0x0000000089c49b10}: 'void java.lang.invoke.DirectMethodHandle$Holder.invokeVirtual(java.lang.Object, java.lang.Object)'> (0x0000000089c49b10) 
thrown [s\open\src\hotspot\share\interpreter\linkResolver.cpp, line 766]
Event: 0.200 Thread 0x000002561db63ce0 Exception <a 'java/lang/NoSuchMethodError'{0x000000008979f820}: 'java.lang.Object java.lang.invoke.DirectMethodHandle$Holder.invokeStaticInit(java.lang.Object)'> (0x000000008979f820) 
thrown [s\open\src\hotspot\share\interpreter\linkResolver.cpp, line 766]
Event: 0.202 Thread 0x000002561db63ce0 Exception <a 'java/lang/NoSuchMethodError'{0x00000000897a65c0}: 'void java.lang.invoke.DirectMethodHandle$Holder.invokeStatic(java.lang.Object, java.lang.Object, java.lang.Object, java.lang.Object)'> (0x00000000897a65c0) 
thrown [s\open\src\hotspot\share\interpreter\linkResolver.cpp, line 766]
Event: 0.202 Thread 0x000002561db63ce0 Exception <a 'java/lang/NoSuchMethodError'{0x00000000897aa558}: 'void java.lang.invoke.DirectMethodHandle$Holder.invokeSpecial(java.lang.Object, java.lang.Object, java.lang.Object, java.lang.Object, java.lang.Object)'> (0x00000000897aa558) 
thrown [s\open\src\hotspot\share\interpreter\linkResolver.cpp, line 766]
Event: 0.205 Thread 0x000002561db63ce0 Exception <a 'java/lang/NoSuchMethodError'{0x00000000897c3138}: 'java.lang.Object java.lang.invoke.Invokers$Holder.invokeExact_MT(java.lang.Object, java.lang.Object, java.lang.Object, java.lang.Object, java.lang.Object, java.lang.Object)'> (0x00000000897c3138) 
thrown [s\open\src\hotspot\share\interpreter\linkResolver.cpp, line 766]
Event: 0.207 Thread 0x000002561db63ce0 Exception <a 'java/lang/NoSuchMethodError'{0x00000000897d72c0}: 'void java.lang.invoke.DirectMethodHandle$Holder.invokeStatic(java.lang.Object, java.lang.Object)'> (0x00000000897d72c0) 
thrown [s\open\src\hotspot\share\interpreter\linkResolver.cpp, line 766]
Event: 0.408 Thread 0x000002561db63ce0 Exception <a 'java/lang/NoSuchMethodError'{0x00000000891a4ae8}: 'void java.lang.invoke.DirectMethodHandle$Holder.invokeSpecial(java.lang.Object, java.lang.Object, java.lang.Object)'> (0x00000000891a4ae8) 
thrown [s\open\src\hotspot\share\interpreter\linkResolver.cpp, line 766]
Event: 0.415 Thread 0x000002561db63ce0 Exception <a 'java/lang/NoSuchMethodError'{0x00000000891db400}: 'void java.lang.invoke.DirectMethodHandle$Holder.invokeStatic(java.lang.Object, java.lang.Object, java.lang.Object)'> (0x00000000891db400) 
thrown [s\open\src\hotspot\share\interpreter\linkResolver.cpp, line 766]
Event: 0.448 Thread 0x000002561db63ce0 Exception <a 'java/lang/NoSuchMethodError'{0x0000000089088bd8}: 'int java.lang.invoke.DirectMethodHandle$Holder.invokeStaticInit(java.lang.Object, java.lang.Object, java.lang.Object)'> (0x0000000089088bd8) 
thrown [s\open\src\hotspot\share\interpreter\linkResolver.cpp, line 766]
Event: 0.463 Thread 0x000002561db63ce0 Exception <a 'java/lang/NoSuchMethodError'{0x0000000088f46790}: 'java.lang.Object java.lang.invoke.DirectMethodHandle$Holder.newInvokeSpecial(java.lang.Object, java.lang.Object, int, java.lang.Object)'> (0x0000000088f46790) 
thrown [s\open\src\hotspot\share\interpreter\linkResolver.cpp, line 766]
Event: 0.464 Thread 0x000002561db63ce0 Exception <a 'java/lang/NoSuchMethodError'{0x0000000088f4ab78}: 'java.lang.Object java.lang.invoke.DirectMethodHandle$Holder.invokeSpecial(java.lang.Object, java.lang.Object, java.lang.Object, int, java.lang.Object)'> (0x0000000088f4ab78) 
thrown [s\open\src\hotspot\share\interpreter\linkResolver.cpp, line 766]
Event: 0.506 Thread 0x00000256427983b0 Exception <a 'java/lang/NoSuchMethodError'{0x0000000088c0fa90}: 'void java.lang.invoke.DirectMethodHandle$Holder.invokeStaticInit(java.lang.Object)'> (0x0000000088c0fa90) 
thrown [s\open\src\hotspot\share\interpreter\linkResolver.cpp, line 766]
Event: 0.508 Thread 0x000002561db63ce0 Exception <a 'java/lang/NoSuchMethodError'{0x0000000088f5f970}: 'java.lang.Object java.lang.invoke.DirectMethodHandle$Holder.newInvokeSpecial(java.lang.Object, java.lang.Object, java.lang.Object, java.lang.Object, java.lang.Object, java.lang.Object)'> (0x0000000088f5f970) 
thrown [s\open\src\hotspot\share\interpreter\linkResolver.cpp, line 766]
Event: 0.540 Thread 0x000002561db63ce0 Exception <a 'java/lang/NoSuchMethodError'{0x0000000088a033c0}: 'java.lang.Object java.lang.invoke.DirectMethodHandle$Holder.newInvokeSpecial(java.lang.Object, java.lang.Object, java.lang.Object, java.lang.Object, java.lang.Object)'> (0x0000000088a033c0) 
thrown [s\open\src\hotspot\share\interpreter\linkResolver.cpp, line 766]
Event: 0.573 Thread 0x00000256427983b0 Exception <a 'java/lang/NoSuchMethodError'{0x00000000887b16e8}: 'java.lang.Object java.lang.invoke.DirectMethodHandle$Holder.invokeStaticInit(java.lang.Object, java.lang.Object, java.lang.Object, java.lang.Object)'> (0x00000000887b16e8) 
thrown [s\open\src\hotspot\share\interpreter\linkResolver.cpp, line 766]
Event: 0.574 Thread 0x00000256427983b0 Exception <a 'java/lang/NullPointerException'{0x00000000887bd4e8}> (0x00000000887bd4e8) 
thrown [s\open\src\hotspot\share\interpreter\linkResolver.cpp, line 1357]
Event: 0.760 Thread 0x00000256427983b0 Exception <a 'java/lang/ClassNotFoundException'{0x0000000089ba3550}: com/sun/glass/ui/win/themes> (0x0000000089ba3550) 
thrown [s\open\src\hotspot\share\prims\jni.cpp, line 535]
Event: 0.764 Thread 0x00000256427983b0 Exception <a 'java/lang/ClassNotFoundException'{0x0000000089bafec8}: com/sun/glass/ui/win/themes_en> (0x0000000089bafec8) 
thrown [s\open\src\hotspot\share\prims\jni.cpp, line 535]
Event: 0.764 Thread 0x00000256427983b0 Exception <a 'java/lang/ClassNotFoundException'{0x0000000089bb7c58}: com/sun/glass/ui/win/themes_en_GB> (0x0000000089bb7c58) 
thrown [s\open\src\hotspot\share\prims\jni.cpp, line 535]
Event: 0.822 Thread 0x00000256427983b0 Exception <a 'java/lang/NoSuchMethodError'{0x00000000896e8bf8}: 'void java.lang.invoke.DirectMethodHandle$Holder.invokeStaticInit(java.lang.Object, java.lang.Object)'> (0x00000000896e8bf8) 
thrown [s\open\src\hotspot\share\interpreter\linkResolver.cpp, line 766]

VM Operations (10 events):
Event: 0.168 Executing VM operation: HandshakeAllThreads
Event: 0.168 Executing VM operation: HandshakeAllThreads done
Event: 0.187 Executing VM operation: HandshakeAllThreads
Event: 0.187 Executing VM operation: HandshakeAllThreads done
Event: 0.454 Executing VM operation: HandshakeAllThreads
Event: 0.454 Executing VM operation: HandshakeAllThreads done
Event: 0.577 Executing VM operation: G1CollectForAllocation
Event: 0.580 Executing VM operation: G1CollectForAllocation done
Event: 0.587 Executing VM operation: HandshakeAllThreads
Event: 0.587 Executing VM operation: HandshakeAllThreads done

Events (20 events):
Event: 0.354 Loaded shared library C:\Users\zhiya\.openjfx\cache\18.0.2+2\api-ms-win-crt-private-l1-1-0.dll
Event: 0.357 Loaded shared library C:\Users\zhiya\.openjfx\cache\18.0.2+2\api-ms-win-crt-process-l1-1-0.dll
Event: 0.359 Loaded shared library C:\Users\zhiya\.openjfx\cache\18.0.2+2\api-ms-win-crt-runtime-l1-1-0.dll
Event: 0.362 Loaded shared library C:\Users\zhiya\.openjfx\cache\18.0.2+2\api-ms-win-crt-stdio-l1-1-0.dll
Event: 0.365 Loaded shared library C:\Users\zhiya\.openjfx\cache\18.0.2+2\api-ms-win-crt-string-l1-1-0.dll
Event: 0.368 Loaded shared library C:\Users\zhiya\.openjfx\cache\18.0.2+2\api-ms-win-crt-time-l1-1-0.dll
Event: 0.371 Loaded shared library C:\Users\zhiya\.openjfx\cache\18.0.2+2\api-ms-win-crt-utility-l1-1-0.dll
Event: 0.383 Loaded shared library C:\Users\zhiya\.openjfx\cache\18.0.2+2\ucrtbase.dll
Event: 0.386 Loaded shared library C:\Users\zhiya\.openjfx\cache\18.0.2+2\vcruntime140.dll
Event: 0.389 Loaded shared library C:\Users\zhiya\.openjfx\cache\18.0.2+2\vcruntime140_1.dll
Event: 0.396 Loaded shared library C:\Users\zhiya\.openjfx\cache\18.0.2+2\msvcp140.dll
Event: 0.416 Thread 0x00000256426dba40 Thread added: 0x00000256426dba40
Event: 0.423 Loaded shared library C:\Users\zhiya\.openjfx\cache\18.0.2+2\prism_d3d.dll
Event: 0.461 Loaded shared library C:\Users\zhiya\.openjfx\cache\18.0.2+2\glass.dll
Event: 0.463 Thread 0x0000025642730de0 Thread added: 0x0000025642730de0
Event: 0.465 Thread 0x00000256427983b0 Thread added: 0x00000256427983b0
Event: 0.528 Thread 0x00000256429d73e0 Thread added: 0x00000256429d73e0
Event: 0.540 Thread 0x00000256429f0090 Thread added: 0x00000256429f0090
Event: 0.594 Loaded shared library C:\Users\zhiya\.openjfx\cache\18.0.2+2\javafx_iio.dll
Event: 0.783 Loaded shared library C:\Users\zhiya\.openjfx\cache\18.0.2+2\javafx_font.dll


Dynamic libraries:
0x00007ff603060000 - 0x00007ff603070000 	C:\Program Files\Java\jdk-18.0.1.1\bin\java.exe
0x00007ffa2aea0000 - 0x00007ffa2b0a9000 	C:\WINDOWS\SYSTEM32\ntdll.dll
0x00007ffa2a520000 - 0x00007ffa2a5de000 	C:\WINDOWS\System32\KERNEL32.DLL
0x00007ffa284a0000 - 0x00007ffa28824000 	C:\WINDOWS\System32\KERNELBASE.dll
0x00007ffa28b30000 - 0x00007ffa28c41000 	C:\WINDOWS\System32\ucrtbase.dll
0x00007ffa18510000 - 0x00007ffa18528000 	C:\Program Files\Java\jdk-18.0.1.1\bin\jli.dll
0x00007ffa0fcf0000 - 0x00007ffa0fd0a000 	C:\Program Files\Java\jdk-18.0.1.1\bin\VCRUNTIME140.dll
0x00007ffa290d0000 - 0x00007ffa2917f000 	C:\WINDOWS\System32\ADVAPI32.dll
0x00007ffa29310000 - 0x00007ffa293b3000 	C:\WINDOWS\System32\msvcrt.dll
0x00007ffa28d10000 - 0x00007ffa28dae000 	C:\WINDOWS\System32\sechost.dll
0x00007ffa28e00000 - 0x00007ffa28f21000 	C:\WINDOWS\System32\RPCRT4.dll
0x00007ffa2a650000 - 0x00007ffa2a7fd000 	C:\WINDOWS\System32\USER32.dll
0x00007ffa28350000 - 0x00007ffa28376000 	C:\WINDOWS\System32\win32u.dll
0x00007ffa28dd0000 - 0x00007ffa28dfa000 	C:\WINDOWS\System32\GDI32.dll
0x00007ffa28380000 - 0x00007ffa2849f000 	C:\WINDOWS\System32\gdi32full.dll
0x00007ffa28a90000 - 0x00007ffa28b2d000 	C:\WINDOWS\System32\msvcp_win.dll
0x00007ffa09f40000 - 0x00007ffa0a1e5000 	C:\WINDOWS\WinSxS\amd64_microsoft.windows.common-controls_6595b64144ccf1df_6.0.22000.120_none_9d947278b86cc467\COMCTL32.dll
0x00007ffa21160000 - 0x00007ffa2116a000 	C:\WINDOWS\SYSTEM32\VERSION.dll
0x00007ffa2a960000 - 0x00007ffa2a991000 	C:\WINDOWS\System32\IMM32.DLL
0x00007ffa1fba0000 - 0x00007ffa1fbac000 	C:\Program Files\Java\jdk-18.0.1.1\bin\vcruntime140_1.dll
0x00007ff9fdd70000 - 0x00007ff9fddfd000 	C:\Program Files\Java\jdk-18.0.1.1\bin\msvcp140.dll
0x00007ff9cbef0000 - 0x00007ff9ccb00000 	C:\Program Files\Java\jdk-18.0.1.1\bin\server\jvm.dll
0x00007ffa2ae50000 - 0x00007ffa2ae58000 	C:\WINDOWS\System32\PSAPI.DLL
0x00007ffa234c0000 - 0x00007ffa234f3000 	C:\WINDOWS\SYSTEM32\WINMM.dll
0x00007ffa0c650000 - 0x00007ffa0c659000 	C:\WINDOWS\SYSTEM32\WSOCK32.dll
0x00007ffa2abb0000 - 0x00007ffa2ac1f000 	C:\WINDOWS\System32\WS2_32.dll
0x00007ffa274c0000 - 0x00007ffa274d8000 	C:\WINDOWS\SYSTEM32\kernel.appcore.dll
0x00007ffa1fb10000 - 0x00007ffa1fb1a000 	C:\Program Files\Java\jdk-18.0.1.1\bin\jimage.dll
0x00007ffa25f20000 - 0x00007ffa26141000 	C:\WINDOWS\SYSTEM32\DBGHELP.DLL
0x00007ffa1e5a0000 - 0x00007ffa1e5d1000 	C:\WINDOWS\SYSTEM32\dbgcore.DLL
0x00007ffa289a0000 - 0x00007ffa28a1f000 	C:\WINDOWS\System32\bcryptPrimitives.dll
0x00007ffa0cb30000 - 0x00007ffa0cb55000 	C:\Program Files\Java\jdk-18.0.1.1\bin\java.dll
0x00007ff9e5840000 - 0x00007ff9e5916000 	C:\Program Files\Java\jdk-18.0.1.1\bin\jsvml.dll
0x00007ffa29d50000 - 0x00007ffa2a515000 	C:\WINDOWS\System32\SHELL32.dll
0x00007ffa26440000 - 0x00007ffa26ca4000 	C:\WINDOWS\SYSTEM32\windows.storage.dll
0x00007ffa29560000 - 0x00007ffa298d6000 	C:\WINDOWS\System32\combase.dll
0x00007ffa262d0000 - 0x00007ffa26437000 	C:\WINDOWS\SYSTEM32\wintypes.dll
0x00007ffa2aac0000 - 0x00007ffa2abaa000 	C:\WINDOWS\System32\SHCORE.dll
0x00007ffa2adf0000 - 0x00007ffa2ae4d000 	C:\WINDOWS\System32\shlwapi.dll
0x00007ffa28280000 - 0x00007ffa282a1000 	C:\WINDOWS\SYSTEM32\profapi.dll
0x00007ffa0d730000 - 0x00007ffa0d743000 	C:\Program Files\Java\jdk-18.0.1.1\bin\net.dll
0x00007ffa22ef0000 - 0x00007ffa23003000 	C:\WINDOWS\SYSTEM32\WINHTTP.dll
0x00007ffa27960000 - 0x00007ffa279c7000 	C:\WINDOWS\system32\mswsock.dll
0x00007ffa07670000 - 0x00007ffa07686000 	C:\Program Files\Java\jdk-18.0.1.1\bin\nio.dll
0x00007ffa075f0000 - 0x00007ffa07608000 	C:\Program Files\Java\jdk-18.0.1.1\bin\zip.dll
0x000002563ddd0000 - 0x000002563ddd3000 	C:\Users\zhiya\.openjfx\cache\18.0.2+2\api-ms-win-core-console-l1-1-0.dll
0x000002563dde0000 - 0x000002563dde3000 	C:\Users\zhiya\.openjfx\cache\18.0.2+2\api-ms-win-core-console-l1-2-0.dll
0x000002563ddf0000 - 0x000002563ddf3000 	C:\Users\zhiya\.openjfx\cache\18.0.2+2\api-ms-win-core-datetime-l1-1-0.dll
0x000002563de00000 - 0x000002563de03000 	C:\Users\zhiya\.openjfx\cache\18.0.2+2\api-ms-win-core-debug-l1-1-0.dll
0x000002563de10000 - 0x000002563de13000 	C:\Users\zhiya\.openjfx\cache\18.0.2+2\api-ms-win-core-errorhandling-l1-1-0.dll
0x000002563de20000 - 0x000002563de24000 	C:\Users\zhiya\.openjfx\cache\18.0.2+2\api-ms-win-core-file-l1-1-0.dll
0x000002563de30000 - 0x000002563de33000 	C:\Users\zhiya\.openjfx\cache\18.0.2+2\api-ms-win-core-file-l1-2-0.dll
0x000002563de40000 - 0x000002563de43000 	C:\Users\zhiya\.openjfx\cache\18.0.2+2\api-ms-win-core-file-l2-1-0.dll
0x000002563de50000 - 0x000002563de53000 	C:\Users\zhiya\.openjfx\cache\18.0.2+2\api-ms-win-core-handle-l1-1-0.dll
0x000002563de60000 - 0x000002563de63000 	C:\Users\zhiya\.openjfx\cache\18.0.2+2\api-ms-win-core-heap-l1-1-0.dll
0x000002563de70000 - 0x000002563de73000 	C:\Users\zhiya\.openjfx\cache\18.0.2+2\api-ms-win-core-interlocked-l1-1-0.dll
0x000002563de80000 - 0x000002563de83000 	C:\Users\zhiya\.openjfx\cache\18.0.2+2\api-ms-win-core-libraryloader-l1-1-0.dll
0x000002563de90000 - 0x000002563de93000 	C:\Users\zhiya\.openjfx\cache\18.0.2+2\api-ms-win-core-localization-l1-2-0.dll
0x000002563dea0000 - 0x000002563dea3000 	C:\Users\zhiya\.openjfx\cache\18.0.2+2\api-ms-win-core-memory-l1-1-0.dll
0x000002563deb0000 - 0x000002563deb3000 	C:\Users\zhiya\.openjfx\cache\18.0.2+2\api-ms-win-core-namedpipe-l1-1-0.dll
0x000002563dec0000 - 0x000002563dec3000 	C:\Users\zhiya\.openjfx\cache\18.0.2+2\api-ms-win-core-processenvironment-l1-1-0.dll
0x000002563ded0000 - 0x000002563ded3000 	C:\Users\zhiya\.openjfx\cache\18.0.2+2\api-ms-win-core-processthreads-l1-1-0.dll
0x000002563dee0000 - 0x000002563dee3000 	C:\Users\zhiya\.openjfx\cache\18.0.2+2\api-ms-win-core-processthreads-l1-1-1.dll
0x000002563def0000 - 0x000002563def3000 	C:\Users\zhiya\.openjfx\cache\18.0.2+2\api-ms-win-core-profile-l1-1-0.dll
0x000002563df00000 - 0x000002563df03000 	C:\Users\zhiya\.openjfx\cache\18.0.2+2\api-ms-win-core-rtlsupport-l1-1-0.dll
0x000002563df10000 - 0x000002563df13000 	C:\Users\zhiya\.openjfx\cache\18.0.2+2\api-ms-win-core-string-l1-1-0.dll
0x000002563df20000 - 0x000002563df23000 	C:\Users\zhiya\.openjfx\cache\18.0.2+2\api-ms-win-core-synch-l1-1-0.dll
0x000002563df30000 - 0x000002563df33000 	C:\Users\zhiya\.openjfx\cache\18.0.2+2\api-ms-win-core-synch-l1-2-0.dll
0x000002563df40000 - 0x000002563df43000 	C:\Users\zhiya\.openjfx\cache\18.0.2+2\api-ms-win-core-sysinfo-l1-1-0.dll
0x000002563df50000 - 0x000002563df53000 	C:\Users\zhiya\.openjfx\cache\18.0.2+2\api-ms-win-core-timezone-l1-1-0.dll
0x000002563df60000 - 0x000002563df63000 	C:\Users\zhiya\.openjfx\cache\18.0.2+2\api-ms-win-core-util-l1-1-0.dll
0x000002563df70000 - 0x000002563df73000 	C:\Users\zhiya\.openjfx\cache\18.0.2+2\api-ms-win-crt-conio-l1-1-0.dll
0x000002563df80000 - 0x000002563df84000 	C:\Users\zhiya\.openjfx\cache\18.0.2+2\api-ms-win-crt-convert-l1-1-0.dll
0x000002563df90000 - 0x000002563df93000 	C:\Users\zhiya\.openjfx\cache\18.0.2+2\api-ms-win-crt-environment-l1-1-0.dll
0x000002563dfa0000 - 0x000002563dfa3000 	C:\Users\zhiya\.openjfx\cache\18.0.2+2\api-ms-win-crt-filesystem-l1-1-0.dll
0x000002563dfb0000 - 0x000002563dfb3000 	C:\Users\zhiya\.openjfx\cache\18.0.2+2\api-ms-win-crt-heap-l1-1-0.dll
0x000002563dfc0000 - 0x000002563dfc3000 	C:\Users\zhiya\.openjfx\cache\18.0.2+2\api-ms-win-crt-locale-l1-1-0.dll
0x000002563dfd0000 - 0x000002563dfd5000 	C:\Users\zhiya\.openjfx\cache\18.0.2+2\api-ms-win-crt-math-l1-1-0.dll
0x000002563dfe0000 - 0x000002563dfe5000 	C:\Users\zhiya\.openjfx\cache\18.0.2+2\api-ms-win-crt-multibyte-l1-1-0.dll
0x000002563dff0000 - 0x000002563e000000 	C:\Users\zhiya\.openjfx\cache\18.0.2+2\api-ms-win-crt-private-l1-1-0.dll
0x0000025642c00000 - 0x0000025642c03000 	C:\Users\zhiya\.openjfx\cache\18.0.2+2\api-ms-win-crt-process-l1-1-0.dll
0x0000025642c10000 - 0x0000025642c14000 	C:\Users\zhiya\.openjfx\cache\18.0.2+2\api-ms-win-crt-runtime-l1-1-0.dll
0x0000025642c20000 - 0x0000025642c24000 	C:\Users\zhiya\.openjfx\cache\18.0.2+2\api-ms-win-crt-stdio-l1-1-0.dll
0x0000025642c30000 - 0x0000025642c34000 	C:\Users\zhiya\.openjfx\cache\18.0.2+2\api-ms-win-crt-string-l1-1-0.dll
0x0000025642c40000 - 0x0000025642c43000 	C:\Users\zhiya\.openjfx\cache\18.0.2+2\api-ms-win-crt-time-l1-1-0.dll
0x0000025642c50000 - 0x0000025642c53000 	C:\Users\zhiya\.openjfx\cache\18.0.2+2\api-ms-win-crt-utility-l1-1-0.dll
0x00007ff9fda70000 - 0x00007ff9fdb6c000 	C:\Users\zhiya\.openjfx\cache\18.0.2+2\ucrtbase.dll
0x00007ffa246c0000 - 0x00007ffa246da000 	C:\Users\zhiya\.openjfx\cache\18.0.2+2\vcruntime140.dll
0x00007ffa24780000 - 0x00007ffa2478c000 	C:\Users\zhiya\.openjfx\cache\18.0.2+2\vcruntime140_1.dll
0x00007ffa05bf0000 - 0x00007ffa05c7d000 	C:\Users\zhiya\.openjfx\cache\18.0.2+2\msvcp140.dll
0x00007ffa1fbb0000 - 0x00007ffa1fbdc000 	C:\Users\zhiya\.openjfx\cache\18.0.2+2\prism_d3d.dll
0x00007ffa18fb0000 - 0x00007ffa19156000 	C:\WINDOWS\system32\d3d9.dll
0x00007ffa259b0000 - 0x00007ffa259df000 	C:\WINDOWS\SYSTEM32\dwmapi.dll
0x00007ffa25830000 - 0x00007ffa25868000 	C:\WINDOWS\SYSTEM32\dxcore.dll
0x00007ffa25750000 - 0x00007ffa257fc000 	C:\WINDOWS\system32\uxtheme.dll
0x00007ff9fa9d0000 - 0x00007ff9fab35000 	C:\WINDOWS\System32\DriverStore\FileRepository\iigd_dch.inf_amd64_e6980897e3126266\igdumdim64.dll
0x00007ffa293c0000 - 0x00007ffa2955a000 	C:\WINDOWS\System32\ole32.dll
0x00007ff9ae0f0000 - 0x00007ff9b1d7b000 	C:\WINDOWS\System32\DriverStore\FileRepository\iigd_dch.inf_amd64_e6980897e3126266\igd9dxva64.dll
0x00007ffa28ff0000 - 0x00007ffa290c6000 	C:\WINDOWS\System32\OLEAUT32.dll
0x00007ffa298e0000 - 0x00007ffa29d4c000 	C:\WINDOWS\System32\SETUPAPI.dll
0x00007ffa28050000 - 0x00007ffa2809c000 	C:\WINDOWS\SYSTEM32\cfgmgr32.dll
0x00007ffa1dd40000 - 0x00007ffa1e076000 	C:\WINDOWS\System32\DriverStore\FileRepository\iigd_dch.inf_amd64_e6980897e3126266\igdgmm64.dll
0x00007ffa232d0000 - 0x00007ffa23314000 	C:\WINDOWS\SYSTEM32\directxdatabasehelper.dll
0x00007ffa274e0000 - 0x00007ffa27514000 	C:\WINDOWS\SYSTEM32\ntmarta.dll
0x00007ffa0ca80000 - 0x00007ffa0cac2000 	C:\Users\zhiya\.openjfx\cache\18.0.2+2\glass.dll
0x00007ffa29200000 - 0x00007ffa292ec000 	C:\WINDOWS\System32\COMDLG32.dll
0x00007ffa2a9a0000 - 0x00007ffa2aabd000 	C:\WINDOWS\System32\MSCTF.dll
0x00007ffa23a40000 - 0x00007ffa23a67000 	C:\WINDOWS\System32\DriverStore\FileRepository\iigd_dch.inf_amd64_e6980897e3126266\igdinfo64.dll
0x00007ffa27bb0000 - 0x00007ffa27bc8000 	C:\WINDOWS\SYSTEM32\CRYPTSP.dll
0x00007ffa27420000 - 0x00007ffa27455000 	C:\WINDOWS\system32\rsaenh.dll
0x00007ffa27bd0000 - 0x00007ffa27bdc000 	C:\WINDOWS\SYSTEM32\CRYPTBASE.dll
0x00007ffa27d30000 - 0x00007ffa27d57000 	C:\WINDOWS\SYSTEM32\bcrypt.dll
0x00007ffa1a940000 - 0x00007ffa1d6cf000 	C:\WINDOWS\System32\DriverStore\FileRepository\iigd_dch.inf_amd64_e6980897e3126266\igc64.dll
0x00007ffa184b0000 - 0x00007ffa184dd000 	C:\Users\zhiya\.openjfx\cache\18.0.2+2\javafx_iio.dll
0x00007ffa235e0000 - 0x00007ffa235f4000 	C:\Users\zhiya\.openjfx\cache\18.0.2+2\javafx_font.dll

dbghelp: loaded successfully - version: 4.0.5 - missing functions: none
symbol engine: initialized successfully - sym options: 0x614 - pdb path: .;C:\Program Files\Java\jdk-18.0.1.1\bin;C:\WINDOWS\SYSTEM32;C:\WINDOWS\WinSxS\amd64_microsoft.windows.common-controls_6595b64144ccf1df_6.0.22000.120_none_9d947278b86cc467;C:\Program Files\Java\jdk-18.0.1.1\bin\server;C:\Users\zhiya\.openjfx\cache\18.0.2+2;C:\WINDOWS\System32\DriverStore\FileRepository\iigd_dch.inf_amd64_e6980897e3126266

VM Arguments:
jvm_args: -Dfile.encoding=windows-1252 -Duser.country=GB -Duser.language=en -Duser.variant --module-path=C:\Users\zhiya\IdeaProjects\GameUI\build\libs\GameUI-1.0-SNAPSHOT.jar;C:\Users\zhiya\IdeaProjects\GameUI\build\classes\java\main;C:\Users\zhiya\.gradle\caches\modules-2\files-2.1\org.openjfx\javafx-fxml\18.0.2\2f34bce57630ad16409de50a784dc995c9d79559\javafx-fxml-18.0.2-win.jar;C:\Users\zhiya\.gradle\caches\modules-2\files-2.1\org.openjfx\javafx-controls\18.0.2\6488465bb835559aff4d9cf40fd60d84bf632e28\javafx-controls-18.0.2-win.jar;C:\Users\zhiya\.gradle\caches\modules-2\files-2.1\org.openjfx\javafx-controls\18.0.2\b01efe968ac13a338a94c1d53a1f3b33fef3fd2c\javafx-controls-18.0.2.jar;C:\Users\zhiya\.gradle\caches\modules-2\files-2.1\org.openjfx\javafx-graphics\18.0.2\6791a5622512adf1bfb1ae3f84198ad32d47b71c\javafx-graphics-18.0.2-win.jar;C:\Users\zhiya\.gradle\caches\modules-2\files-2.1\org.openjfx\javafx-graphics\18.0.2\e062905d92edda0d149ba6aafa5f0a64a65d8aa8\javafx-graphics-18.0.2.jar;C:\Users\zhiya\.gradle\caches\modules-2\files-2.1\org.openjfx\javafx-base\18.0.2\806c22be348d3261e2c8f70df630da0637869678\javafx-base-18.0.2-win.jar;C:\Users\zhiya\.gradle\caches\modules-2\files-2.1\org.openjfx\javafx-base\18.0.2\9b43e69256e047fbd759e7045c1bd4471739a3d9\javafx-base-18.0.2.jar -Djdk.module.main=com.example.gameui 
java_command: com.example.gameui/com.example.gameui.GameUI
java_class_path (initial): C:\Users\zhiya\IdeaProjects\GameUI\build\resources\main
Launcher Type: SUN_STANDARD

[Global flags]
     intx CICompilerCount                          = 4                                         {product} {ergonomic}
     uint ConcGCThreads                            = 2                                         {product} {ergonomic}
     uint G1ConcRefinementThreads                  = 8                                         {product} {ergonomic}
   size_t G1HeapRegionSize                         = 1048576                                   {product} {ergonomic}
    uintx GCDrainStackTargetSize                   = 64                                        {product} {ergonomic}
   size_t InitialHeapSize                          = 132120576                                 {product} {ergonomic}
   size_t MarkStackSize                            = 4194304                                   {product} {ergonomic}
   size_t MaxHeapSize                              = 2113929216                                {product} {ergonomic}
   size_t MaxNewSize                               = 1267728384                                {product} {ergonomic}
   size_t MinHeapDeltaBytes                        = 1048576                                   {product} {ergonomic}
   size_t MinHeapSize                              = 8388608                                   {product} {ergonomic}
    uintx NonNMethodCodeHeapSize                   = 5839372                                {pd product} {ergonomic}
    uintx NonProfiledCodeHeapSize                  = 122909434                              {pd product} {ergonomic}
    uintx ProfiledCodeHeapSize                     = 122909434                              {pd product} {ergonomic}
    uintx ReservedCodeCacheSize                    = 251658240                              {pd product} {ergonomic}
     bool SegmentedCodeCache                       = true                                      {product} {ergonomic}
   size_t SoftMaxHeapSize                          = 2113929216                             {manageable} {ergonomic}
     bool UseCompressedClassPointers               = true                           {product lp64_product} {ergonomic}
     bool UseCompressedOops                        = true                           {product lp64_product} {ergonomic}
     bool UseG1GC                                  = true                                      {product} {ergonomic}
     bool UseLargePagesIndividualAllocation        = false                                  {pd product} {ergonomic}

Logging:
Log output configuration:
 #0: stdout all=warning uptime,level,tags foldmultilines=false
 #1: stderr all=off uptime,level,tags foldmultilines=false

Environment Variables:
PATH=C:\Program Files\Common Files\Oracle\Java\javapath;C:\Program Files (x86)\Common Files\Oracle\Java\javapath;C:\Program Files (x86)\Common Files\Intel\Shared Libraries\redist\intel64\compiler;C:\Windows\system32;C:\Windows;C:\Windows\System32\Wbem;C:\Windows\System32\WindowsPowerShell\v1.0\;C:\Windows\System32\OpenSSH\;C:\Program Files (x86)\NVIDIA Corporation\PhysX\Common;C:\Program Files\NVIDIA Corporation\NVIDIA NvDLISR;C:\WINDOWS\system32;C:\WINDOWS;C:\WINDOWS\System32\Wbem;C:\WINDOWS\System32\WindowsPowerShell\v1.0\;C:\WINDOWS\System32\OpenSSH\;C:\Program Files\Java\jdk-18.0.1.1\bin;C:\Program Files (x86)\dotnet\;C:\xampp\php;C:\ProgramData\ComposerSetup\bin;C:\Program Files\Sublime Text;C:\Program Files\nodejs\;C:\Program Files\Git\cmd;C:\Gradle\gradle-8.1\bin;C:\Users\zhiya\AppData\Local\Programs\Python\Python311\Scripts;C:\Users\zhiya\AppData\Local\Programs\Python\Python311\Scripts\;C:\Users\zhiya\AppData\Local\Programs\Python\Python311\;C:\Users\zhiya\AppData\Local\Microsoft\WindowsApps;C:\MinGW\bin;C:\Users\zhiya\AppData\Roaming\Composer\vendor\bin;C:\Users\zhiya\AppData\Roaming\npm;C:\Users\zhiya\AppData\Local\GitHubDesktop\bin;C:\Users\zhiya\flutter\bin;C:\Gradle\gradle-8.1-all\gradle-8.1\bin;
USERNAME=zhiya
OS=Windows_NT
PROCESSOR_IDENTIFIER=Intel64 Family 6 Model 165 Stepping 2, GenuineIntel



---------------  S Y S T E M  ---------------

OS:
 Windows 11 , 64 bit Build 22000 (10.0.22000.1880)
OS uptime: 10 days 12:40 hours

CPU: total 8 (initial active 8) (4 cores per cpu, 2 threads per core) family 6 model 165 stepping 2 microcode 0xea, cx8, cmov, fxsr, ht, mmx, 3dnowpref, sse, sse2, sse3, ssse3, sse4.1, sse4.2, popcnt, lzcnt, tsc, tscinvbit, avx, avx2, aes, erms, clmul, bmi1, bmi2, adx, fma, vzeroupper, clflush, clflushopt

Memory: 4k page, system-wide physical 8059M (159M free)
TotalPageFile size 24059M (AvailPageFile size 1M)
current process WorkingSet (physical memory assigned to process): 165M, peak: 165M
current process commit charge ("private bytes"): 249M, peak: 249M

vm_info: Java HotSpot(TM) 64-Bit Server VM (18.0.1.1+2-6) for windows-amd64 JRE (18.0.1.1+2-6), built on Apr 25 2022 21:53:15 by "mach5one" with MS VC++ 16.8 / 16.9 (VS2019)

END.
